<?xml version="1.0" encoding="UTF-8"?>
<!-- Generated by org.testng.reporters.JUnitXMLReporter -->
<testsuite ignored="0" hostname="LAPTOP-5P2VQG43" failures="0" tests="1" name="OrangeHRMTest_chrome" time="0.357" errors="0" timestamp="2025-05-10T14:31:32 IST">
  <testcase classname="com.orangehrm.base.BaseClass" name="@BeforeMethod setup" time="0.0">
    <skipped/>
  </testcase> <!-- @BeforeMethod setup -->
  <testcase classname="com.orangehrm.base.BaseClass" name="@AfterMethod tearDown" time="0.0">
    <skipped/>
  </testcase> <!-- @AfterMethod tearDown -->
  <testcase classname="com.orangehrm.base.BaseClass" name="@BeforeMethod setup" time="0.0">
    <skipped/>
  </testcase> <!-- @BeforeMethod setup -->
  <testcase classname="com.orangehrm.base.BaseClass" name="@AfterMethod tearDown" time="0.0">
    <skipped/>
  </testcase> <!-- @AfterMethod tearDown -->
  <testcase classname="com.orangehrm.test.ApiTest" name="verifyGetUserAPI" time="0.001">
    <skipped/>
  </testcase> <!-- verifyGetUserAPI -->
</testsuite> <!-- OrangeHRMTest_chrome -->
