<?xml version="1.0" encoding="UTF-8"?>
<!-- Generated by org.testng.reporters.JUnitXMLReporter -->
<testsuite ignored="1" hostname="LAPTOP-5P2VQG43" failures="0" tests="5" name="OrangeHRMTest_firefox" time="1.372" errors="0" timestamp="2025-05-10T14:31:32 IST">
  <testcase classname="com.orangehrm.test.LoginPageTest" name="inValidLoginTest" time="0.0">
    <skipped/>
  </testcase> <!-- inValidLoginTest -->
  <testcase classname="com.orangehrm.test.LoginPageTest" name="verifyValidLoginTest" time="0.001">
    <skipped/>
  </testcase> <!-- verifyValidLoginTest -->
  <testcase classname="com.orangehrm.test.LoginPageTest" name="verifyValidLoginTest" time="0.0">
    <skipped/>
  </testcase> <!-- verifyValidLoginTest -->
  <testcase classname="com.orangehrm.test.HomePageTest" name="toVerfiyorangeHRMLogo" time="0.0">
    <skipped/>
  </testcase> <!-- toVerfiyorangeHRMLogo -->
  <testcase classname="com.orangehrm.test.HomePageTest" name="toVerfiyorangeHRMLogo" time="0.0">
    <skipped/>
  </testcase> <!-- toVerfiyorangeHRMLogo -->
  <testcase classname="com.orangehrm.base.BaseClass" name="@BeforeSuite loadConfig" time="0.0">
    <ignored/>
  </testcase> <!-- @BeforeSuite loadConfig -->
</testsuite> <!-- OrangeHRMTest_firefox -->
