<?xml version="1.0" encoding="UTF-8"?>
<!-- Generated by org.testng.reporters.JUnitXMLReporter -->
<testsuite ignored="1" hostname="LAPTOP-5P2VQG43" failures="0" tests="2" name="OrangeHRMTest_edge" time="0.904" errors="0" timestamp="2025-05-10T14:31:32 IST">
  <testcase classname="com.orangehrm.base.BaseClass" name="@BeforeSuite loadConfig" time="0.02">
    <failure type="java.io.FileNotFoundException" message="C:\Users\suman\Repos\Orangehrmprojectsrc\main\resources\config.properties (The system cannot find the path specified)">
      <![CDATA[java.io.FileNotFoundException: C:\Users\suman\Repos\Orangehrmprojectsrc\main\resources\config.properties (The system cannot find the path specified)
at java.base/java.io.FileInputStream.open0(Native Method)
at java.base/java.io.FileInputStream.open(FileInputStream.java:213)
at java.base/java.io.FileInputStream.<init>(FileInputStream.java:152)
at java.base/java.io.FileInputStream.<init>(FileInputStream.java:106)
at com.orangehrm.base.BaseClass.loadConfig(BaseClass.java:51)
... Removed 17 stack frames]]>
    </failure>
  </testcase> <!-- @BeforeSuite loadConfig -->
  <testcase classname="com.orangehrm.test.DummyClass" name="dummyTest" time="0.0">
    <skipped/>
  </testcase> <!-- dummyTest -->
  <testcase classname="com.orangehrm.test.DummyClass2" name="dummyTest" time="0.001">
    <skipped/>
  </testcase> <!-- dummyTest -->
  <testcase classname="com.orangehrm.base.BaseClass" name="@BeforeSuite loadConfig" time="0.0">
    <ignored/>
  </testcase> <!-- @BeforeSuite loadConfig -->
</testsuite> <!-- OrangeHRMTest_edge -->
