<?xml version="1.0" encoding="UTF-8"?>
<!-- Generated by org.testng.reporters.JUnitXMLReporter -->
<testsuite ignored="3" hostname="LAPTOP-5P2VQG43" failures="0" tests="8" name="OrangeHRMTest" time="42.968" errors="0" timestamp="2025-05-10T19:56:13 IST">
  <testcase classname="com.orangehrm.test.ApiTest" name="verifyGetUserAPI" time="4.85"/>
  <testcase classname="com.orangehrm.test.DummyClass" name="dummyTest" time="0.769">
    <skipped/>
  </testcase> <!-- dummyTest -->
  <testcase classname="com.orangehrm.test.DummyClass2" name="dummyTest" time="0.032"/>
  <testcase classname="com.orangehrm.test.LoginPageTest" name="inValidLoginTest" time="3.531"/>
  <testcase classname="com.orangehrm.test.HomePageTest" name="toVerfiyorangeHRMLogo" time="4.847"/>
  <testcase classname="com.orangehrm.test.HomePageTest" name="toVerfiyorangeHRMLogo" time="3.809"/>
  <testcase classname="com.orangehrm.test.LoginPageTest" name="verifyValidLoginTest" time="8.477"/>
  <testcase classname="com.orangehrm.test.LoginPageTest" name="verifyValidLoginTest" time="8.274"/>
  <testcase classname="com.orangehrm.base.BaseClass" name="@BeforeSuite loadConfig" time="0.0">
    <ignored/>
  </testcase> <!-- @BeforeSuite loadConfig -->
  <testcase classname="com.orangehrm.base.BaseClass" name="@BeforeSuite loadConfig" time="0.0">
    <ignored/>
  </testcase> <!-- @BeforeSuite loadConfig -->
  <testcase classname="com.orangehrm.base.BaseClass" name="@BeforeSuite loadConfig" time="0.0">
    <ignored/>
  </testcase> <!-- @BeforeSuite loadConfig -->
</testsuite> <!-- OrangeHRMTest -->
