<?xml version="1.0" encoding="UTF-8"?>
<testng-results ignored="0" total="8" passed="7" failed="0" skipped="1">
  <reporter-output>
  </reporter-output>
  <suite started-at="2025-05-10T19:55:29 IST" name="OrangeHRMSuite" finished-at="2025-05-10T19:56:12 IST" duration-ms="42968">
    <groups>
    </groups>
    <test started-at="2025-05-10T19:55:29 IST" name="OrangeHRMTest" finished-at="2025-05-10T19:56:12 IST" duration-ms="42968">
      <class name="com.orangehrm.test.HomePageTest">
        <test-method is-config="true" signature="setup()[pri:0, instance:com.orangehrm.test.HomePageTest@6995bf68]" started-at="2025-05-10T19:55:30 IST" name="setup" finished-at="2025-05-10T19:55:37 IST" duration-ms="6060" status="PASS">
          <reporter-output>
          </reporter-output>
        </test-method> <!-- setup -->
        <test-method is-config="true" signature="setupPages()[pri:0, instance:com.orangehrm.test.HomePageTest@6995bf68]" started-at="2025-05-10T19:55:37 IST" name="setupPages" finished-at="2025-05-10T19:55:37 IST" duration-ms="3" status="PASS">
          <reporter-output>
          </reporter-output>
        </test-method> <!-- setupPages -->
        <test-method signature="toVerfiyorangeHRMLogo(java.lang.String,java.lang.String)[pri:0, instance:com.orangehrm.test.HomePageTest@6995bf68]" started-at="2025-05-10T19:55:37 IST" name="toVerfiyorangeHRMLogo" data-provider="validLoginData" finished-at="2025-05-10T19:55:41 IST" duration-ms="4847" status="PASS">
          <params>
            <param index="0">
              <value>
                <![CDATA[admin]]>
              </value>
            </param>
            <param index="1">
              <value>
                <![CDATA[admin123]]>
              </value>
            </param>
          </params>
          <reporter-output>
          </reporter-output>
        </test-method> <!-- toVerfiyorangeHRMLogo -->
        <test-method is-config="true" signature="tearDown()[pri:0, instance:com.orangehrm.test.HomePageTest@6995bf68]" started-at="2025-05-10T19:55:42 IST" name="tearDown" finished-at="2025-05-10T19:55:42 IST" duration-ms="149" status="PASS">
          <reporter-output>
          </reporter-output>
        </test-method> <!-- tearDown -->
        <test-method is-config="true" signature="setup()[pri:0, instance:com.orangehrm.test.HomePageTest@6995bf68]" started-at="2025-05-10T19:55:42 IST" name="setup" finished-at="2025-05-10T19:55:50 IST" duration-ms="7567" status="PASS">
          <reporter-output>
          </reporter-output>
        </test-method> <!-- setup -->
        <test-method is-config="true" signature="setupPages()[pri:0, instance:com.orangehrm.test.HomePageTest@6995bf68]" started-at="2025-05-10T19:55:50 IST" name="setupPages" finished-at="2025-05-10T19:55:50 IST" duration-ms="2" status="PASS">
          <reporter-output>
          </reporter-output>
        </test-method> <!-- setupPages -->
        <test-method signature="toVerfiyorangeHRMLogo(java.lang.String,java.lang.String)[pri:0, instance:com.orangehrm.test.HomePageTest@6995bf68]" started-at="2025-05-10T19:55:50 IST" name="toVerfiyorangeHRMLogo" data-provider="validLoginData" finished-at="2025-05-10T19:55:54 IST" duration-ms="3809" status="PASS">
          <params>
            <param index="0">
              <value>
                <![CDATA[admin]]>
              </value>
            </param>
            <param index="1">
              <value>
                <![CDATA[admin123]]>
              </value>
            </param>
          </params>
          <reporter-output>
          </reporter-output>
        </test-method> <!-- toVerfiyorangeHRMLogo -->
        <test-method is-config="true" signature="tearDown()[pri:0, instance:com.orangehrm.test.HomePageTest@6995bf68]" started-at="2025-05-10T19:55:54 IST" name="tearDown" finished-at="2025-05-10T19:55:54 IST" duration-ms="138" status="PASS">
          <reporter-output>
          </reporter-output>
        </test-method> <!-- tearDown -->
      </class> <!-- com.orangehrm.test.HomePageTest -->
      <class name="com.orangehrm.test.DummyClass">
        <test-method is-config="true" signature="loadConfig()[pri:0, instance:com.orangehrm.test.DummyClass@47f9738]" started-at="2025-05-10T19:55:29 IST" name="loadConfig" finished-at="2025-05-10T19:55:29 IST" duration-ms="31" status="PASS">
          <reporter-output>
          </reporter-output>
        </test-method> <!-- loadConfig -->
        <test-method is-config="true" signature="setup()[pri:0, instance:com.orangehrm.test.DummyClass@47f9738]" started-at="2025-05-10T19:55:29 IST" name="setup" finished-at="2025-05-10T19:55:37 IST" duration-ms="7098" status="PASS">
          <reporter-output>
          </reporter-output>
        </test-method> <!-- setup -->
        <test-method signature="dummyTest()[pri:0, instance:com.orangehrm.test.DummyClass@47f9738]" started-at="2025-05-10T19:55:37 IST" name="dummyTest" finished-at="2025-05-10T19:55:37 IST" duration-ms="769" status="SKIP">
          <exception class="org.testng.SkipException">
            <message>
              <![CDATA[Skipping the test as part of Testing]]>
            </message>
            <full-stacktrace>
              <![CDATA[org.testng.SkipException: Skipping the test as part of Testing
at com.orangehrm.test.DummyClass.dummyTest(DummyClass.java:21)
at java.base/jdk.internal.reflect.DirectMethodHandleAccessor.invoke(DirectMethodHandleAccessor.java:103)
at java.base/java.lang.reflect.Method.invoke(Method.java:580)
at org.testng.internal.invokers.MethodInvocationHelper.invokeMethod(MethodInvocationHelper.java:141)
at org.testng.internal.invokers.TestInvoker.invokeMethod(TestInvoker.java:687)
at org.testng.internal.invokers.TestInvoker.invokeTestMethod(TestInvoker.java:230)
at org.testng.internal.invokers.MethodRunner.runInSequence(MethodRunner.java:63)
at org.testng.internal.invokers.TestInvoker$MethodInvocationAgent.invoke(TestInvoker.java:995)
at org.testng.internal.invokers.TestInvoker.invokeTestMethods(TestInvoker.java:203)
at org.testng.internal.invokers.TestMethodWorker.invokeTestMethods(TestMethodWorker.java:154)
at org.testng.internal.invokers.TestMethodWorker.run(TestMethodWorker.java:134)
at java.base/java.util.concurrent.Executors$RunnableAdapter.call(Executors.java:572)
at java.base/java.util.concurrent.FutureTask.run(FutureTask.java:317)
at org.testng.internal.thread.graph.TestNGFutureTask.run(TestNGFutureTask.java:22)
at java.base/java.util.concurrent.ThreadPoolExecutor.runWorker(ThreadPoolExecutor.java:1144)
at java.base/java.util.concurrent.ThreadPoolExecutor$Worker.run(ThreadPoolExecutor.java:642)
at java.base/java.lang.Thread.run(Thread.java:1583)
]]>
            </full-stacktrace>
          </exception> <!-- org.testng.SkipException -->
          <reporter-output>
          </reporter-output>
        </test-method> <!-- dummyTest -->
        <test-method is-config="true" signature="tearDown()[pri:0, instance:com.orangehrm.test.DummyClass@47f9738]" started-at="2025-05-10T19:55:37 IST" name="tearDown" finished-at="2025-05-10T19:55:38 IST" duration-ms="360" status="PASS">
          <reporter-output>
          </reporter-output>
        </test-method> <!-- tearDown -->
      </class> <!-- com.orangehrm.test.DummyClass -->
      <class name="com.orangehrm.test.DummyClass2">
        <test-method is-config="true" signature="setup()[pri:0, instance:com.orangehrm.test.DummyClass2@2dcd168a]" started-at="2025-05-10T19:55:29 IST" name="setup" finished-at="2025-05-10T19:55:37 IST" duration-ms="7093" status="PASS">
          <reporter-output>
          </reporter-output>
        </test-method> <!-- setup -->
        <test-method signature="dummyTest()[pri:0, instance:com.orangehrm.test.DummyClass2@2dcd168a]" started-at="2025-05-10T19:55:37 IST" name="dummyTest" finished-at="2025-05-10T19:55:37 IST" duration-ms="32" status="PASS">
          <reporter-output>
          </reporter-output>
        </test-method> <!-- dummyTest -->
        <test-method is-config="true" signature="tearDown()[pri:0, instance:com.orangehrm.test.DummyClass2@2dcd168a]" started-at="2025-05-10T19:55:37 IST" name="tearDown" finished-at="2025-05-10T19:55:38 IST" duration-ms="374" status="PASS">
          <reporter-output>
          </reporter-output>
        </test-method> <!-- tearDown -->
      </class> <!-- com.orangehrm.test.DummyClass2 -->
      <class name="com.orangehrm.test.LoginPageTest">
        <test-method is-config="true" signature="setup()[pri:0, instance:com.orangehrm.test.LoginPageTest@388526fb]" started-at="2025-05-10T19:55:30 IST" name="setup" finished-at="2025-05-10T19:55:37 IST" duration-ms="6044" status="PASS">
          <reporter-output>
          </reporter-output>
        </test-method> <!-- setup -->
        <test-method is-config="true" signature="setupPages()[pri:0, instance:com.orangehrm.test.LoginPageTest@388526fb]" started-at="2025-05-10T19:55:37 IST" name="setupPages" finished-at="2025-05-10T19:55:37 IST" duration-ms="6" status="PASS">
          <reporter-output>
          </reporter-output>
        </test-method> <!-- setupPages -->
        <test-method signature="inValidLoginTest(java.lang.String,java.lang.String)[pri:0, instance:com.orangehrm.test.LoginPageTest@388526fb]" started-at="2025-05-10T19:55:37 IST" name="inValidLoginTest" data-provider="inValidLoginData" finished-at="2025-05-10T19:55:40 IST" duration-ms="3531" status="PASS">
          <params>
            <param index="0">
              <value>
                <![CDATA[admin1]]>
              </value>
            </param>
            <param index="1">
              <value>
                <![CDATA[admin123]]>
              </value>
            </param>
          </params>
          <reporter-output>
          </reporter-output>
        </test-method> <!-- inValidLoginTest -->
        <test-method is-config="true" signature="tearDown()[pri:0, instance:com.orangehrm.test.LoginPageTest@388526fb]" started-at="2025-05-10T19:55:41 IST" name="tearDown" finished-at="2025-05-10T19:55:41 IST" duration-ms="155" status="PASS">
          <reporter-output>
          </reporter-output>
        </test-method> <!-- tearDown -->
        <test-method is-config="true" signature="setup()[pri:0, instance:com.orangehrm.test.LoginPageTest@388526fb]" started-at="2025-05-10T19:55:41 IST" name="setup" finished-at="2025-05-10T19:55:46 IST" duration-ms="5121" status="PASS">
          <reporter-output>
          </reporter-output>
        </test-method> <!-- setup -->
        <test-method signature="verifyValidLoginTest(java.lang.String,java.lang.String)[pri:0, instance:com.orangehrm.test.LoginPageTest@388526fb]" started-at="2025-05-10T19:55:46 IST" name="verifyValidLoginTest" data-provider="validLoginData" finished-at="2025-05-10T19:55:54 IST" duration-ms="8477" status="PASS">
          <params>
            <param index="0">
              <value>
                <![CDATA[admin]]>
              </value>
            </param>
            <param index="1">
              <value>
                <![CDATA[admin123]]>
              </value>
            </param>
          </params>
          <reporter-output>
          </reporter-output>
        </test-method> <!-- verifyValidLoginTest -->
        <test-method is-config="true" signature="setupPages()[pri:0, instance:com.orangehrm.test.LoginPageTest@388526fb]" started-at="2025-05-10T19:55:46 IST" name="setupPages" finished-at="2025-05-10T19:55:46 IST" duration-ms="0" status="PASS">
          <reporter-output>
          </reporter-output>
        </test-method> <!-- setupPages -->
        <test-method is-config="true" signature="tearDown()[pri:0, instance:com.orangehrm.test.LoginPageTest@388526fb]" started-at="2025-05-10T19:55:55 IST" name="tearDown" finished-at="2025-05-10T19:55:55 IST" duration-ms="186" status="PASS">
          <reporter-output>
          </reporter-output>
        </test-method> <!-- tearDown -->
        <test-method is-config="true" signature="setup()[pri:0, instance:com.orangehrm.test.LoginPageTest@388526fb]" started-at="2025-05-10T19:55:55 IST" name="setup" finished-at="2025-05-10T19:56:03 IST" duration-ms="7451" status="PASS">
          <reporter-output>
          </reporter-output>
        </test-method> <!-- setup -->
        <test-method is-config="true" signature="setupPages()[pri:0, instance:com.orangehrm.test.LoginPageTest@388526fb]" started-at="2025-05-10T19:56:03 IST" name="setupPages" finished-at="2025-05-10T19:56:03 IST" duration-ms="3" status="PASS">
          <reporter-output>
          </reporter-output>
        </test-method> <!-- setupPages -->
        <test-method signature="verifyValidLoginTest(java.lang.String,java.lang.String)[pri:0, instance:com.orangehrm.test.LoginPageTest@388526fb]" started-at="2025-05-10T19:56:03 IST" name="verifyValidLoginTest" data-provider="validLoginData" finished-at="2025-05-10T19:56:11 IST" duration-ms="8274" status="PASS">
          <params>
            <param index="0">
              <value>
                <![CDATA[admin]]>
              </value>
            </param>
            <param index="1">
              <value>
                <![CDATA[admin123]]>
              </value>
            </param>
          </params>
          <reporter-output>
          </reporter-output>
        </test-method> <!-- verifyValidLoginTest -->
        <test-method is-config="true" signature="tearDown()[pri:0, instance:com.orangehrm.test.LoginPageTest@388526fb]" started-at="2025-05-10T19:56:12 IST" name="tearDown" finished-at="2025-05-10T19:56:12 IST" duration-ms="236" status="PASS">
          <reporter-output>
          </reporter-output>
        </test-method> <!-- tearDown -->
      </class> <!-- com.orangehrm.test.LoginPageTest -->
      <class name="com.orangehrm.test.ApiTest">
        <test-method signature="verifyGetUserAPI()[pri:0, instance:com.orangehrm.test.ApiTest@5143c662]" started-at="2025-05-10T19:55:29 IST" name="verifyGetUserAPI" finished-at="2025-05-10T19:55:34 IST" duration-ms="4850" status="PASS">
          <reporter-output>
          </reporter-output>
        </test-method> <!-- verifyGetUserAPI -->
      </class> <!-- com.orangehrm.test.ApiTest -->
    </test> <!-- OrangeHRMTest -->
  </suite> <!-- OrangeHRMSuite -->
</testng-results>
